<?xml version="1.0" encoding="UTF-8"?>
<testsuite xmlns:xsi="http://www.w3.org/2001/XMLSchema-instance" xsi:noNamespaceSchemaLocation="https://maven.apache.org/surefire/maven-surefire-plugin/xsd/surefire-test-report.xsd" version="3.0.2" name="MathUtilsTest" time="0.166" tests="10" errors="0" skipped="0" failures="0">
  <properties>
[...]
</properties>
  <testcase name="testDivide_positive" classname="MathUtilsTest" time="0.134">
    <system-out><![CDATA[01:22:55.515 [main] INFO  MathUtils - Dividing
]]></system-out>
  </testcase>
  <testcase name="testMax_maxVsMin" classname="MathUtilsTest" time="0.002">
    <system-out><![CDATA[01:22:55.527 [main] INFO  MathUtils - Calculating max of a end b
]]></system-out>
  </testcase>
  <testcase name="testDivide_negative" classname="MathUtilsTest" time="0.001">
    <system-out><![CDATA[01:22:55.530 [main] INFO  MathUtils - Dividing
]]></system-out>
  </testcase>
  <testcase name="testDivide_byZero" classname="MathUtilsTest" time="0.001">
    <system-out><![CDATA[01:22:55.531 [main] INFO  MathUtils - Dividing
]]></system-out>
  </testcase>
  <testcase name="testMax_aEqualsB" classname="MathUtilsTest" time="0.001">
    <system-out><![CDATA[01:22:55.533 [main] INFO  MathUtils - Calculating max of a end b
]]></system-out>
  </testcase>
  <testcase name="testMax_withMaxValue" classname="MathUtilsTest" time="0.001">
    <system-out><![CDATA[01:22:55.535 [main] INFO  MathUtils - Calculating max of a end b
]]></system-out>
  </testcase>
  <testcase name="t" classname="MathUtilsTest" time="0.001">
    <system-out><![CDATA[01:22:55.536 [main] INFO  MathUtils - Calculating max of a end b
]]></system-out>
  </testcase>
  <testcase name="testMax_minVsMax" classname="MathUtilsTest" time="0.001">
    <system-out><![CDATA[01:22:55.538 [main] INFO  MathUtils - Calculating max of a end b
]]></system-out>
  </testcase>
  <testcase name="testMax_aLessThanB" classname="MathUtilsTest" time="0.001">
    <system-out><![CDATA[01:22:55.539 [main] INFO  MathUtils - Calculating max of a end b
]]></system-out>
  </testcase>
  <testcase name="testMax_withMinValue" classname="MathUtilsTest" time="0.0">
    <system-out><![CDATA[01:22:55.540 [main] INFO  MathUtils - Calculating max of a end b
]]></system-out>
  </testcase>
</testsuite>